[debug] [2020-03-18T18:36:15.207Z] ----------------------------------------------------------------------
[debug] [2020-03-18T18:36:15.211Z] Command:       C:\Users\Melanie\node.exe C:\Users\Melanie\AppData\Roaming\npm\node_modules\firebase-tools\lib\bin\firebase.js init
[debug] [2020-03-18T18:36:15.212Z] CLI Version:   7.15.1
[debug] [2020-03-18T18:36:15.212Z] Platform:      win32
[debug] [2020-03-18T18:36:15.212Z] Node Version:  v10.16.0
[debug] [2020-03-18T18:36:15.213Z] Time:          Wed Mar 18 2020 11:36:15 GMT-0700 (Pacific Daylight Time)
[debug] [2020-03-18T18:36:15.213Z] ----------------------------------------------------------------------
[debug] [2020-03-18T18:36:15.213Z] 
[debug] [2020-03-18T18:36:15.225Z] > command requires scopes: ["email","openid","https://www.googleapis.com/auth/cloudplatformprojects.readonly","https://www.googleapis.com/auth/firebase","https://www.googleapis.com/auth/cloud-platform"]
[debug] [2020-03-18T18:36:15.225Z] > authorizing via signed-in user
[info] 
     ######## #### ########  ######## ########     ###     ######  ########
     ##        ##  ##     ## ##       ##     ##  ##   ##  ##       ##
     ######    ##  ########  ######   ########  #########  ######  ######
     ##        ##  ##    ##  ##       ##     ## ##     ##       ## ##
     ##       #### ##     ## ######## ########  ##     ##  ######  ########

You're about to initialize a Firebase project in this directory:

  C:\Users\Melanie\Documents\GitHub\Prototype1\prototype1

[info] 
=== Project Setup
[info] 
[info] First, let's associate this project directory with a Firebase project.
[info] You can create multiple project aliases by running firebase use --add, 
[info] but for now we'll just set up a default project.
[info] 
[debug] [2020-03-18T18:36:42.903Z] >>> HTTP REQUEST GET https://firebase.googleapis.com/v1beta1/projects?pageSize=100  
 
[debug] [2020-03-18T18:36:43.347Z] <<< HTTP RESPONSE 200
[info] i  Using project prototype-one-51088 (Prototype One)
[info] 
=== Hosting Setup
[info] 
[info] Your public directory is the folder (relative to your project directory) that
[info] will contain Hosting assets to be uploaded with firebase deploy. If you
[info] have a build process for your assets, use your build's output directory.
[info] 
[info] +  Wrote public/404.html
[debug] [2020-03-18T18:36:55.799Z] >>> HTTP REQUEST GET https://www.gstatic.com/firebasejs/releases.json  
 
[debug] [2020-03-18T18:36:55.900Z] <<< HTTP RESPONSE 200
